2019-08-29 18:44:51,048 [Worker-2: Loading available Gradle versions] INFO  o.e.b.c.i.u.g.PublishedGradleVersions - Gradle version information cache is out-of-date. Trying to update.
2019-08-29 18:46:56,228 [Worker-7: Import Getting Started Content] INFO  o.e.m.c.i.l.LifecycleMappingFactory - Using org.eclipse.m2e.jdt.JarLifecycleMapping lifecycle mapping for MavenProject: com.bufete.backend:bufete-backend:0.0.1-SNAPSHOT @ C:\Projects\Bufete\bufete-backend\bufete-backend\pom.xml.
2019-08-29 18:47:00,273 [Worker-7: Import Getting Started Content] INFO  o.e.m.j.i.AbstractJavaProjectConfigurator - Adding source folder /bufete-backend/src/main/java
2019-08-29 18:47:00,274 [Worker-7: Import Getting Started Content] INFO  o.e.m.j.i.AbstractJavaProjectConfigurator - Adding resource folder /bufete-backend/src/main/resources
2019-08-29 18:47:00,289 [Worker-7: Import Getting Started Content] INFO  o.e.m.j.i.AbstractJavaProjectConfigurator - Adding resource folder /bufete-backend/src/main/resources
2019-08-29 18:47:00,312 [Worker-7: Import Getting Started Content] INFO  o.e.m.j.i.AbstractJavaProjectConfigurator - Adding source folder /bufete-backend/src/test/java
2019-08-29 18:47:02,332 [Worker-7: Import Getting Started Content] INFO  o.e.m.c.i.p.ProjectConfigurationManager - Imported and configured 1 project(s) in 10 sec
2019-08-29 18:47:02,337 [Worker-7: Import Getting Started Content] INFO  o.e.m.c.i.p.ProjectConfigurationManager - Update started
2019-08-29 18:47:03,956 [Worker-7: Import Getting Started Content] INFO  o.e.m.c.i.l.LifecycleMappingFactory - Using org.eclipse.m2e.jdt.JarLifecycleMapping lifecycle mapping for MavenProject: com.bufete.backend:bufete-backend:0.0.1-SNAPSHOT @ C:\Projects\Bufete\bufete-backend\bufete-backend\pom.xml.
2019-08-29 18:47:06,177 [Worker-7: Import Getting Started Content] INFO  o.e.m.j.i.AbstractJavaProjectConfigurator - Adding source folder /bufete-backend/src/main/java
2019-08-29 18:47:06,177 [Worker-7: Import Getting Started Content] INFO  o.e.m.j.i.AbstractJavaProjectConfigurator - Adding resource folder /bufete-backend/src/main/resources
2019-08-29 18:47:06,178 [Worker-7: Import Getting Started Content] INFO  o.e.m.j.i.AbstractJavaProjectConfigurator - Adding resource folder /bufete-backend/src/main/resources
2019-08-29 18:47:06,180 [Worker-7: Import Getting Started Content] INFO  o.e.m.j.i.AbstractJavaProjectConfigurator - Adding source folder /bufete-backend/src/test/java
2019-08-29 18:47:07,246 [Worker-7: Import Getting Started Content] INFO  o.e.m.c.i.p.ProjectConfigurationManager - Update completed: 4 sec
2019-08-29 18:47:07,744 [Worker-11: Building workspace] INFO  o.e.m.c.i.embedder.EclipseLogger - Using 'UTF-8' encoding to copy filtered resources.
2019-08-29 18:47:07,753 [Worker-11: Building workspace] INFO  o.e.m.c.i.embedder.EclipseLogger - Copying 1 resource
2019-08-29 18:47:07,778 [Worker-11: Building workspace] INFO  o.e.m.c.i.embedder.EclipseLogger - Copying 0 resource
2019-08-29 18:47:07,782 [Worker-11: Building workspace] INFO  o.e.m.c.i.embedder.EclipseLogger - Using 'UTF-8' encoding to copy filtered resources.
2019-08-29 18:47:07,783 [Worker-11: Building workspace] INFO  o.e.m.c.i.embedder.EclipseLogger - skip non existing resourceDirectory C:\Projects\Bufete\bufete-backend\bufete-backend\src\test\resources
2019-08-29 18:47:26,968 [Worker-2: Building workspace] INFO  o.e.m.c.i.l.LifecycleMappingFactory - Using org.eclipse.m2e.jdt.JarLifecycleMapping lifecycle mapping for MavenProject: com.bufete.backend:bufete-backend:0.0.1-SNAPSHOT @ C:\Projects\Bufete\bufete-backend\bufete-backend\pom.xml.
2019-08-29 18:47:28,773 [Worker-2: Building workspace] INFO  o.e.m.c.i.embedder.EclipseLogger - Using 'UTF-8' encoding to copy filtered resources.
2019-08-29 18:47:28,778 [Worker-2: Building workspace] INFO  o.e.m.c.i.embedder.EclipseLogger - Copying 0 resource
2019-08-29 18:47:28,780 [Worker-2: Building workspace] INFO  o.e.m.c.i.embedder.EclipseLogger - Copying 0 resource
2019-08-29 18:47:28,783 [Worker-2: Building workspace] INFO  o.e.m.c.i.embedder.EclipseLogger - Using 'UTF-8' encoding to copy filtered resources.
2019-08-29 18:47:28,784 [Worker-2: Building workspace] INFO  o.e.m.c.i.embedder.EclipseLogger - skip non existing resourceDirectory C:\Projects\Bufete\bufete-backend\bufete-backend\src\test\resources
2019-08-29 18:48:25,894 [Worker-2: Building workspace] INFO  o.e.m.c.i.embedder.EclipseLogger - Using 'UTF-8' encoding to copy filtered resources.
2019-08-29 18:48:25,902 [Worker-2: Building workspace] INFO  o.e.m.c.i.embedder.EclipseLogger - Copying 1 resource
2019-08-29 18:48:25,933 [Worker-2: Building workspace] INFO  o.e.m.c.i.embedder.EclipseLogger - Copying 0 resource
2019-08-29 18:48:25,936 [Worker-2: Building workspace] INFO  o.e.m.c.i.embedder.EclipseLogger - Using 'UTF-8' encoding to copy filtered resources.
2019-08-29 18:48:25,938 [Worker-2: Building workspace] INFO  o.e.m.c.i.embedder.EclipseLogger - skip non existing resourceDirectory C:\Projects\Bufete\bufete-backend\bufete-backend\src\test\resources
